<?xml version="1.0" encoding="UTF-8"?>
<!-- Generated by org.testng.reporters.JUnitReportReporter -->
<testsuite skipped="0" hostname="DESKTOP-N308L1J" name="test.LoginTest" tests="1" failures="0" timestamp="24 Jan 2021 17:30:55 GMT" time="15.126" errors="0">
  <testcase name="validUserShouldBeAbleToLogin" time="15.126" classname="test.LoginTest"/>
</testsuite> <!-- test.LoginTest -->
