<?xml version="1.0" encoding="UTF-8"?>
<!-- Generated by org.testng.reporters.JUnitReportReporter -->
<testsuite skipped="0" hostname="DESKTOP-N308L1J" name="test.AddCustomerTest" tests="1" failures="0" timestamp="24 Jan 2021 20:16:26 GMT" time="28.829" errors="0">
  <testcase name="validUserShouldBeAbleToAddCustomer" time="28.829" classname="test.AddCustomerTest"/>
</testsuite> <!-- test.AddCustomerTest -->
